#
# A fatal error has been detected by the Java Runtime Environment:
#
#  EXCEPTION_ACCESS_VIOLATION (0xc0000005) at pc=0x6d9bd1ff, pid=5428, tid=2248
#
# JRE version: 6.0_20-b02
# Java VM: Java HotSpot(TM) Client VM (16.3-b01 mixed mode windows-x86 )
# Problematic frame:
# V  [jvm.dll+0x10d1ff]
#
# If you would like to submit a bug report, please visit:
#   http://java.sun.com/webapps/bugreport/crash.jsp
#

---------------  T H R E A D  ---------------

Current thread (0x024fb000):  JavaThread "*** Profiler Agent Communication Thread" daemon [_thread_in_vm, id=2248, stack(0x048c0000,0x04910000)]

siginfo: ExceptionCode=0xc0000005, reading address 0x00000004

Registers:
EAX=0x04d3fdb4, EBX=0x00000af9, ECX=0x000071ee, EDX=0x00000000
ESP=0x0490fab0, EBP=0x0490fab4, ESI=0x00000000, EDI=0x024113d8
EIP=0x6d9bd1ff, EFLAGS=0x00010206

Top of Stack: (sp=0x0490fab0)
0x0490fab0:   024fb000 0490fadc 6d9e206f 04d3fdb4
0x0490fac0:   055413c0 04d3fdb4 024fb000 00000000
0x0490fad0:   00000000 00000000 024fb000 76513e00
0x0490fae0:   10002594 024113d8 04d3fdb4 0490fb28
0x0490faf0:   024fb000 202e8848 0490fb54 202e8848
0x0490fb00:   04db1c60 0a3f4bf0 055413c0 000003b3
0x0490fb10:   04ce95f0 0a3e52c0 0553f6a8 02509f47
0x0490fb20:   024fb110 0490fb5c 04dfaa84 0a3f4cf0 

Instructions: (pc=0x6d9bd1ff)
0x6d9bd1ef:   cc 55 8b ec 8b 45 08 85 c0 75 02 5d c3 56 8b 30
0x6d9bd1ff:   8b 46 04 8d 48 08 8b 01 ff 90 94 00 00 00 f6 d8 


Stack: [0x048c0000,0x04910000],  sp=0x0490fab0,  free space=13e0490f594k
Native frames: (J=compiled Java code, j=interpreted, Vv=VM code, C=native code)
V  [jvm.dll+0x10d1ff]
V  [jvm.dll+0x13206f]

Java frames: (J=compiled Java code, j=interpreted, Vv=VM code)
j  org.netbeans.lib.profiler.server.system.Stacks.getMethodNamesForJMethodIds(I[I[I)[B+0
j  org.netbeans.lib.profiler.server.ProfilerInterface.getMethodNamesForJMethodIds([I)Lorg/netbeans/lib/profiler/wireprotocol/MethodNamesResponse;+18
j  org.netbeans.lib.profiler.server.ProfilerServer.handleClientCommand(Lorg/netbeans/lib/profiler/wireprotocol/Command;)V+624
j  org.netbeans.lib.profiler.server.ProfilerServer.listenToClient()V+48
j  org.netbeans.lib.profiler.server.ProfilerServer.run()V+22
v  ~StubRoutines::call_stub

---------------  P R O C E S S  ---------------

Java Threads: ( => current thread )
  0x04e72000 JavaThread "*** Profiler Agent Special Execution Thread 7" [_thread_blocked, id=4280, stack(0x0b1d0000,0x0b220000)]
  0x04e68000 JavaThread "TimerQueue" daemon [_thread_blocked, id=1144, stack(0x0a010000,0x0a060000)]
  0x00e69c00 JavaThread "DestroyJavaVM" [_thread_blocked, id=4548, stack(0x00200000,0x00250000)]
  0x04de8800 JavaThread "AWT-EventQueue-0" [_thread_blocked, id=3936, stack(0x098d0000,0x09920000)]
  0x04d90000 JavaThread "AWT-Shutdown" [_thread_blocked, id=4676, stack(0x057d0000,0x05820000)]
  0x04d89800 JavaThread "Java2D Disposer" daemon [_thread_blocked, id=3676, stack(0x050d0000,0x05120000)]
  0x04d42000 JavaThread "*** Profiler Agent Special Execution Thread 3" daemon [_thread_blocked, id=5692, stack(0x05680000,0x056d0000)]
  0x04ce5000 JavaThread "Low Memory Detector" daemon [_thread_blocked, id=6044, stack(0x05360000,0x053b0000)]
  0x04ce8c00 JavaThread "CompilerThread0" daemon [_thread_blocked, id=4332, stack(0x052d0000,0x05320000)]
  0x024ff400 JavaThread "*** Profiler Agent Special Execution Thread 6" daemon [_thread_blocked, id=5488, stack(0x049e0000,0x04a30000)]
  0x024fe400 JavaThread "*** JFluid Monitor thread ***" daemon [_thread_blocked, id=3852, stack(0x04950000,0x049a0000)]
=>0x024fb000 JavaThread "*** Profiler Agent Communication Thread" daemon [_thread_in_vm, id=2248, stack(0x048c0000,0x04910000)]
  0x024c9c00 JavaThread "Attach Listener" daemon [_thread_blocked, id=5840, stack(0x04830000,0x04880000)]
  0x024c6c00 JavaThread "Signal Dispatcher" daemon [_thread_blocked, id=5812, stack(0x047a0000,0x047f0000)]
  0x024a2000 JavaThread "Finalizer" daemon [_thread_blocked, id=5320, stack(0x04710000,0x04760000)]
  0x0248c000 JavaThread "Reference Handler" daemon [_thread_blocked, id=1776, stack(0x04680000,0x046d0000)]

Other Threads:
  0x02487c00 VMThread [stack: 0x045f0000,0x04640000] [id=5772]
  0x04ceb000 WatcherThread [stack: 0x053f0000,0x05440000] [id=3532]

VM state:not at safepoint (normal execution)

VM Mutex/Monitor currently owned by a thread: None

Heap
 def new generation   total 4992K, used 304K [0x10010000, 0x10570000, 0x15560000)
  eden space 4480K,   6% used [0x10010000, 0x1005c380, 0x10470000)
  from space 512K,   0% used [0x10470000, 0x10470000, 0x104f0000)
  to   space 512K,   0% used [0x104f0000, 0x104f0000, 0x10570000)
 tenured generation   total 10944K, used 2658K [0x15560000, 0x16010000, 0x20010000)
   the space 10944K,  24% used [0x15560000, 0x157f8a60, 0x157f8c00, 0x16010000)
 compacting perm gen  total 14592K, used 14578K [0x20010000, 0x20e50000, 0x24010000)
   the space 14592K,  99% used [0x20010000, 0x20e4c830, 0x20e4ca00, 0x20e50000)
No shared spaces configured.

Dynamic libraries:
0x00400000 - 0x00424000 	C:\Program Files (x86)\Java\jdk1.6.0_20\bin\java.exe
0x777a0000 - 0x77920000 	C:\Windows\SysWOW64\ntdll.dll
0x74fd0000 - 0x750e0000 	C:\Windows\syswow64\kernel32.dll
0x74f80000 - 0x74fc6000 	C:\Windows\syswow64\KERNELBASE.dll
0x752f0000 - 0x75390000 	C:\Windows\syswow64\ADVAPI32.dll
0x76500000 - 0x765ac000 	C:\Windows\syswow64\msvcrt.dll
0x750f0000 - 0x75109000 	C:\Windows\SysWOW64\sechost.dll
0x76990000 - 0x76a80000 	C:\Windows\syswow64\RPCRT4.dll
0x74e80000 - 0x74ee0000 	C:\Windows\syswow64\SspiCli.dll
0x74e70000 - 0x74e7c000 	C:\Windows\syswow64\CRYPTBASE.dll
0x7c340000 - 0x7c396000 	C:\Program Files (x86)\Java\jdk1.6.0_20\jre\bin\msvcr71.dll
0x6d8b0000 - 0x6db47000 	C:\Program Files (x86)\Java\jdk1.6.0_20\jre\bin\client\jvm.dll
0x765b0000 - 0x766b0000 	C:\Windows\syswow64\USER32.dll
0x76700000 - 0x76790000 	C:\Windows\syswow64\GDI32.dll
0x74ee0000 - 0x74eea000 	C:\Windows\syswow64\LPK.dll
0x76aa0000 - 0x76b3d000 	C:\Windows\syswow64\USP10.dll
0x72820000 - 0x72852000 	C:\Windows\system32\WINMM.dll
0x75230000 - 0x75290000 	C:\Windows\system32\IMM32.DLL
0x753f0000 - 0x754bc000 	C:\Windows\syswow64\MSCTF.dll
0x6b5e0000 - 0x6b62c000 	C:\Windows\system32\apphelp.dll
0x6d860000 - 0x6d86c000 	C:\Program Files (x86)\Java\jdk1.6.0_20\jre\bin\verify.dll
0x6d3e0000 - 0x6d3ff000 	C:\Program Files (x86)\Java\jdk1.6.0_20\jre\bin\java.dll
0x6d340000 - 0x6d348000 	C:\Program Files (x86)\Java\jdk1.6.0_20\jre\bin\hpi.dll
0x750e0000 - 0x750e5000 	C:\Windows\syswow64\PSAPI.DLL
0x10000000 - 0x1000a000 	C:\Program Files\NetBeans 7.1.2\profiler\lib\deployed\jdk16\windows\profilerinterface.dll
0x6d8a0000 - 0x6d8af000 	C:\Program Files (x86)\Java\jdk1.6.0_20\jre\bin\zip.dll
0x6d6c0000 - 0x6d6d3000 	C:\Program Files (x86)\Java\jdk1.6.0_20\jre\bin\net.dll
0x76310000 - 0x76345000 	C:\Windows\syswow64\WS2_32.dll
0x77770000 - 0x77776000 	C:\Windows\syswow64\NSI.dll
0x72490000 - 0x724cc000 	C:\Windows\system32\mswsock.dll
0x74400000 - 0x74406000 	C:\Windows\System32\wship6.dll
0x72480000 - 0x72485000 	C:\Windows\System32\wshtcpip.dll
0x6d610000 - 0x6d619000 	C:\Program Files (x86)\Java\jdk1.6.0_20\jre\bin\management.dll
0x742d0000 - 0x742e6000 	C:\Windows\system32\CRYPTSP.dll
0x74290000 - 0x742cb000 	C:\Windows\system32\rsaenh.dll
0x72500000 - 0x72517000 	C:\Windows\system32\USERENV.dll
0x72560000 - 0x7256b000 	C:\Windows\system32\profapi.dll
0x6bae0000 - 0x6baf0000 	C:\Windows\system32\NLAapi.dll
0x6bad0000 - 0x6bae0000 	C:\Windows\system32\napinsp.dll
0x6bab0000 - 0x6bac2000 	C:\Windows\system32\pnrpnsp.dll
0x6ba80000 - 0x6baa4000 	C:\Program Files (x86)\Common Files\Microsoft Shared\Windows Live\WLIDNSP.DLL
0x75290000 - 0x752e7000 	C:\Windows\syswow64\SHLWAPI.dll
0x6ba30000 - 0x6ba74000 	C:\Windows\system32\DNSAPI.dll
0x6ba20000 - 0x6ba28000 	C:\Windows\System32\winrnr.dll
0x6b9f0000 - 0x6ba11000 	C:\Program Files (x86)\Bonjour\mdnsNSP.dll
0x71340000 - 0x7135c000 	C:\Windows\system32\Iphlpapi.DLL
0x71330000 - 0x71337000 	C:\Windows\system32\WINNSI.DLL
0x6b9a0000 - 0x6b9a6000 	C:\Windows\system32\rasadhlp.dll
0x6b9b0000 - 0x6b9e8000 	C:\Windows\System32\fwpuclnt.dll
0x6d6e0000 - 0x6d6e9000 	C:\Program Files (x86)\Java\jdk1.6.0_20\jre\bin\nio.dll
0x6d0b0000 - 0x6d1fa000 	C:\Program Files (x86)\Java\jdk1.6.0_20\jre\bin\awt.dll
0x74cf0000 - 0x74d41000 	C:\Windows\system32\WINSPOOL.DRV
0x76b40000 - 0x76c9c000 	C:\Windows\syswow64\ole32.dll
0x74480000 - 0x7461e000 	C:\Windows\WinSxS\x86_microsoft.windows.common-controls_6595b64144ccf1df_6.0.7601.17514_none_41e6975e2bd6f2b2\COMCTL32.dll
0x71670000 - 0x71683000 	C:\Windows\system32\DWMAPI.DLL
0x6d2e0000 - 0x6d334000 	C:\Program Files (x86)\Java\jdk1.6.0_20\jre\bin\fontmanager.dll
0x75520000 - 0x756bd000 	C:\Windows\syswow64\SETUPAPI.dll
0x754c0000 - 0x754e7000 	C:\Windows\syswow64\CFGMGR32.dll
0x74ef0000 - 0x74f7f000 	C:\Windows\syswow64\OLEAUT32.dll
0x76a80000 - 0x76a92000 	C:\Windows\syswow64\DEVOBJ.dll
0x756c0000 - 0x7630a000 	C:\Windows\syswow64\shell32.dll
0x76e50000 - 0x76ed3000 	C:\Windows\syswow64\CLBCatQ.DLL
0x6b2c0000 - 0x6b3b5000 	C:\Windows\system32\propsys.dll
0x74cc0000 - 0x74ce1000 	C:\Windows\system32\ntmarta.dll
0x766b0000 - 0x766f5000 	C:\Windows\syswow64\WLDAP32.dll
0x69fa0000 - 0x69faa000 	C:\Windows\system32\slc.dll
0x69fe0000 - 0x69ff2000 	C:\Windows\system32\MPR.dll
0x6aef0000 - 0x6aef8000 	C:\Windows\System32\drprov.dll
0x6bc10000 - 0x6bc39000 	C:\Windows\System32\WINSTA.dll
0x69ec0000 - 0x69ed4000 	C:\Windows\System32\ntlanman.dll
0x69900000 - 0x69917000 	C:\Windows\System32\davclnt.dll
0x6a3e0000 - 0x6a3e8000 	C:\Windows\System32\DAVHLPR.dll
0x6c0c0000 - 0x6c0cf000 	C:\Windows\system32\wkscli.dll
0x69fb0000 - 0x69fbb000 	C:\Windows\system32\cscapi.dll
0x6c0f0000 - 0x6c0f9000 	C:\Windows\system32\netutils.dll
0x76790000 - 0x767bd000 	C:\Windows\syswow64\WINTRUST.dll
0x75110000 - 0x7522d000 	C:\Windows\syswow64\CRYPT32.dll
0x767c0000 - 0x767cc000 	C:\Windows\syswow64\MSASN1.dll
0x69fc0000 - 0x69fc9000 	C:\Windows\system32\LINKINFO.dll

VM Arguments:
jvm_args: -Xbootclasspath/p:C:\Users\Sweord\Documents\NetBeansProjects\FolderAutoBackupUtility\lib\JAXB-ENDORSED\jaxb-api.jar -agentpath:C:/Program Files/NetBeans 7.1.2/profiler/lib/deployed/jdk16/windows/profilerinterface.dll=C:\Program Files\NetBeans 7.1.2\profiler\lib,5140,10 -XX:+HeapDumpOnOutOfMemoryError -XX:HeapDumpPath=C:\Users\Sweord\Documents\NetBeansProjects\FolderAutoBackupUtility\nbproject\private\profiler 
java_command: folderautobackuputility.Main
Launcher Type: SUN_STANDARD

Environment Variables:
CLASSPATH=.;C:\Program Files (x86)\Java\jre6\lib\ext\QTJava.zip
PATH=C:\Program Files (x86)\NVIDIA Corporation\PhysX\Common;C:\Program Files\Common Files\Microsoft Shared\Windows Live;C:\Program Files (x86)\JavaFX\javafx-sdk1.3\bin;C:\Program Files (x86)\JavaFX\javafx-sdk1.3\emulator\bin;C:\Program Files (x86)\MiKTeX 2.8\miktex\bin;C:\Windows\system32;C:\Windows;C:\Windows\System32\Wbem;C:\Windows\System32\WindowsPowerShell\v1.0\;C:\Program Files (x86)\QuickTime\QTSystem\;c:\Program Files (x86)\Microsoft SQL Server\100\Tools\Binn\;c:\Program Files\Microsoft SQL Server\100\Tools\Binn\;c:\Program Files\Microsoft SQL Server\100\DTS\Binn\;c:\Program Files (x86)\Microsoft ASP.NET\ASP.NET Web Pages\v1.0\;C:\Program Files (x86)\Git\cmd;C:\root\bin;C:\Program Files (x86)\Nmap
USERNAME=Sweord
OS=Windows_NT
PROCESSOR_IDENTIFIER=AMD64 Family 16 Model 4 Stepping 2, AuthenticAMD



---------------  S Y S T E M  ---------------

OS: Windows 7 Build 7601 Service Pack 1

CPU:total 2 (2 cores per cpu, 1 threads per core) family 16 model 4 stepping 2, cmov, cx8, fxsr, mmx, sse, sse2, sse3, popcnt, mmxext, 3dnow, 3dnowext, lzcnt, sse4a

Memory: 4k page, physical 4192440k(1430576k free), swap 10478972k(7021356k free)

vm_info: Java HotSpot(TM) Client VM (16.3-b01) for windows-x86 JRE (1.6.0_20-b02), built on Apr 12 2010 13:52:23 by "java_re" with MS VC++ 7.1 (VS2003)

time: Mon May 21 19:14:24 2012
elapsed time: 12 seconds

